<?xml version="1.0" encoding="UTF-8"?>
<testsuite xmlns:xsi="http://www.w3.org/2001/XMLSchema-instance" xsi:noNamespaceSchemaLocation="https://maven.apache.org/surefire/maven-surefire-plugin/xsd/surefire-test-report.xsd" name="services.implementations.ClientServiceTest" time="0.072" tests="4" errors="0" skipped="0" failures="0">
  <properties>
    <property name="sun.desktop" value="windows"/>
    <property name="awt.toolkit" value="sun.awt.windows.WToolkit"/>
    <property name="file.encoding.pkg" value="sun.io"/>
    <property name="java.specification.version" value="1.8"/>
    <property name="sun.cpu.isalist" value="amd64"/>
    <property name="sun.jnu.encoding" value="Cp1251"/>
    <property name="java.class.path" value="C:\Public\mobileIS\target\test-classes;C:\Public\mobileIS\target\classes;C:\Users\stas\.m2\repository\org\hibernate\hibernate-core\5.2.17.Final\hibernate-core-5.2.17.Final.jar;C:\Users\stas\.m2\repository\org\jboss\logging\jboss-logging\3.3.1.Final\jboss-logging-3.3.1.Final.jar;C:\Users\stas\.m2\repository\org\hibernate\javax\persistence\hibernate-jpa-2.1-api\1.0.0.Final\hibernate-jpa-2.1-api-1.0.0.Final.jar;C:\Users\stas\.m2\repository\org\javassist\javassist\3.22.0-GA\javassist-3.22.0-GA.jar;C:\Users\stas\.m2\repository\antlr\antlr\2.7.7\antlr-2.7.7.jar;C:\Users\stas\.m2\repository\org\jboss\spec\javax\transaction\jboss-transaction-api_1.2_spec\1.0.1.Final\jboss-transaction-api_1.2_spec-1.0.1.Final.jar;C:\Users\stas\.m2\repository\org\jboss\jandex\2.0.3.Final\jandex-2.0.3.Final.jar;C:\Users\stas\.m2\repository\com\fasterxml\classmate\1.3.0\classmate-1.3.0.jar;C:\Users\stas\.m2\repository\dom4j\dom4j\1.6.1\dom4j-1.6.1.jar;C:\Users\stas\.m2\repository\org\hibernate\common\hibernate-commons-annotations\5.0.1.Final\hibernate-commons-annotations-5.0.1.Final.jar;C:\Users\stas\.m2\repository\org\hibernate\validator\hibernate-validator\6.0.13.Final\hibernate-validator-6.0.13.Final.jar;C:\Users\stas\.m2\repository\org\springframework\spring-webmvc\5.1.1.RELEASE\spring-webmvc-5.1.1.RELEASE.jar;C:\Users\stas\.m2\repository\org\springframework\spring-aop\5.1.1.RELEASE\spring-aop-5.1.1.RELEASE.jar;C:\Users\stas\.m2\repository\org\springframework\spring-beans\5.1.1.RELEASE\spring-beans-5.1.1.RELEASE.jar;C:\Users\stas\.m2\repository\org\springframework\spring-core\5.1.1.RELEASE\spring-core-5.1.1.RELEASE.jar;C:\Users\stas\.m2\repository\org\springframework\spring-jcl\5.1.1.RELEASE\spring-jcl-5.1.1.RELEASE.jar;C:\Users\stas\.m2\repository\org\springframework\spring-expression\5.1.1.RELEASE\spring-expression-5.1.1.RELEASE.jar;C:\Users\stas\.m2\repository\org\springframework\spring-web\5.1.1.RELEASE\spring-web-5.1.1.RELEASE.jar;C:\Users\stas\.m2\repository\org\springframework\spring-orm\5.0.2.RELEASE\spring-orm-5.0.2.RELEASE.jar;C:\Users\stas\.m2\repository\org\springframework\spring-jdbc\5.0.2.RELEASE\spring-jdbc-5.0.2.RELEASE.jar;C:\Users\stas\.m2\repository\org\springframework\spring-tx\5.0.2.RELEASE\spring-tx-5.0.2.RELEASE.jar;C:\Users\stas\.m2\repository\org\springframework\spring-context\5.0.2.RELEASE\spring-context-5.0.2.RELEASE.jar;C:\Users\stas\.m2\repository\org\springframework\security\spring-security-web\5.1.1.RELEASE\spring-security-web-5.1.1.RELEASE.jar;C:\Users\stas\.m2\repository\org\springframework\security\spring-security-core\5.0.5.RELEASE\spring-security-core-5.0.5.RELEASE.jar;C:\Users\stas\.m2\repository\org\springframework\security\spring-security-config\5.0.5.RELEASE\spring-security-config-5.0.5.RELEASE.jar;C:\Users\stas\.m2\repository\org\springframework\security\spring-security-taglibs\5.0.5.RELEASE\spring-security-taglibs-5.0.5.RELEASE.jar;C:\Users\stas\.m2\repository\org\springframework\security\spring-security-acl\5.0.5.RELEASE\spring-security-acl-5.0.5.RELEASE.jar;C:\Users\stas\.m2\repository\org\springframework\spring-jms\5.1.2.RELEASE\spring-jms-5.1.2.RELEASE.jar;C:\Users\stas\.m2\repository\org\springframework\spring-messaging\5.1.2.RELEASE\spring-messaging-5.1.2.RELEASE.jar;C:\Users\stas\.m2\repository\mysql\mysql-connector-java\5.1.18\mysql-connector-java-5.1.18.jar;C:\Users\stas\.m2\repository\javax\servlet\jstl\1.2\jstl-1.2.jar;C:\Users\stas\.m2\repository\javax\javaee-api\8.0\javaee-api-8.0.jar;C:\Users\stas\.m2\repository\com\sun\mail\javax.mail\1.6.0\javax.mail-1.6.0.jar;C:\Users\stas\.m2\repository\javax\activation\activation\1.1\activation-1.1.jar;C:\Users\stas\.m2\repository\javax\validation\validation-api\2.0.1.Final\validation-api-2.0.1.Final.jar;C:\Users\stas\.m2\repository\javax\el\javax.el-api\3.0.0\javax.el-api-3.0.0.jar;C:\Users\stas\.m2\repository\org\projectlombok\lombok\1.18.2\lombok-1.18.2.jar;C:\Users\stas\.m2\repository\com\google\code\gson\gson\2.5\gson-2.5.jar;C:\Users\stas\.m2\repository\log4j\log4j\1.2.17\log4j-1.2.17.jar;C:\Users\stas\.m2\repository\org\springframework\spring-test\5.0.6.RELEASE\spring-test-5.0.6.RELEASE.jar;C:\Users\stas\.m2\repository\org\junit\jupiter\junit-jupiter-engine\5.3.1\junit-jupiter-engine-5.3.1.jar;C:\Users\stas\.m2\repository\org\apiguardian\apiguardian-api\1.0.0\apiguardian-api-1.0.0.jar;C:\Users\stas\.m2\repository\org\junit\platform\junit-platform-engine\1.3.1\junit-platform-engine-1.3.1.jar;C:\Users\stas\.m2\repository\org\junit\platform\junit-platform-commons\1.3.1\junit-platform-commons-1.3.1.jar;C:\Users\stas\.m2\repository\org\opentest4j\opentest4j\1.1.1\opentest4j-1.1.1.jar;C:\Users\stas\.m2\repository\org\junit\jupiter\junit-jupiter-api\5.3.1\junit-jupiter-api-5.3.1.jar;C:\Users\stas\.m2\repository\org\mockito\mockito-junit-jupiter\2.23.0\mockito-junit-jupiter-2.23.0.jar;C:\Users\stas\.m2\repository\org\mockito\mockito-core\2.23.0\mockito-core-2.23.0.jar;C:\Users\stas\.m2\repository\net\bytebuddy\byte-buddy\1.9.0\byte-buddy-1.9.0.jar;C:\Users\stas\.m2\repository\net\bytebuddy\byte-buddy-agent\1.9.0\byte-buddy-agent-1.9.0.jar;C:\Users\stas\.m2\repository\org\objenesis\objenesis\2.6\objenesis-2.6.jar;C:\Users\stas\.m2\repository\junit\junit\4.12\junit-4.12.jar;C:\Users\stas\.m2\repository\org\hamcrest\hamcrest-core\1.3\hamcrest-core-1.3.jar;"/>
    <property name="java.vm.vendor" value="Oracle Corporation"/>
    <property name="sun.arch.data.model" value="64"/>
    <property name="user.variant" value=""/>
    <property name="java.vendor.url" value="http://java.oracle.com/"/>
    <property name="user.timezone" value=""/>
    <property name="java.vm.specification.version" value="1.8"/>
    <property name="os.name" value="Windows 10"/>
    <property name="user.country" value="RU"/>
    <property name="sun.java.launcher" value="SUN_STANDARD"/>
    <property name="sun.boot.library.path" value="C:\Program Files\Java\jdk1.8.0_151\jre\bin"/>
    <property name="sun.java.command" value="C:\Users\stas\AppData\Local\Temp\surefire3755589681882855117\surefirebooter7976865740977606865.jar C:\Users\stas\AppData\Local\Temp\surefire3755589681882855117 2018-11-17T15-24-10_535-jvmRun1 surefire7502563011207923158tmp surefire_05623654788865105158tmp"/>
    <property name="surefire.test.class.path" value="C:\Public\mobileIS\target\test-classes;C:\Public\mobileIS\target\classes;C:\Users\stas\.m2\repository\org\hibernate\hibernate-core\5.2.17.Final\hibernate-core-5.2.17.Final.jar;C:\Users\stas\.m2\repository\org\jboss\logging\jboss-logging\3.3.1.Final\jboss-logging-3.3.1.Final.jar;C:\Users\stas\.m2\repository\org\hibernate\javax\persistence\hibernate-jpa-2.1-api\1.0.0.Final\hibernate-jpa-2.1-api-1.0.0.Final.jar;C:\Users\stas\.m2\repository\org\javassist\javassist\3.22.0-GA\javassist-3.22.0-GA.jar;C:\Users\stas\.m2\repository\antlr\antlr\2.7.7\antlr-2.7.7.jar;C:\Users\stas\.m2\repository\org\jboss\spec\javax\transaction\jboss-transaction-api_1.2_spec\1.0.1.Final\jboss-transaction-api_1.2_spec-1.0.1.Final.jar;C:\Users\stas\.m2\repository\org\jboss\jandex\2.0.3.Final\jandex-2.0.3.Final.jar;C:\Users\stas\.m2\repository\com\fasterxml\classmate\1.3.0\classmate-1.3.0.jar;C:\Users\stas\.m2\repository\dom4j\dom4j\1.6.1\dom4j-1.6.1.jar;C:\Users\stas\.m2\repository\org\hibernate\common\hibernate-commons-annotations\5.0.1.Final\hibernate-commons-annotations-5.0.1.Final.jar;C:\Users\stas\.m2\repository\org\hibernate\validator\hibernate-validator\6.0.13.Final\hibernate-validator-6.0.13.Final.jar;C:\Users\stas\.m2\repository\org\springframework\spring-webmvc\5.1.1.RELEASE\spring-webmvc-5.1.1.RELEASE.jar;C:\Users\stas\.m2\repository\org\springframework\spring-aop\5.1.1.RELEASE\spring-aop-5.1.1.RELEASE.jar;C:\Users\stas\.m2\repository\org\springframework\spring-beans\5.1.1.RELEASE\spring-beans-5.1.1.RELEASE.jar;C:\Users\stas\.m2\repository\org\springframework\spring-core\5.1.1.RELEASE\spring-core-5.1.1.RELEASE.jar;C:\Users\stas\.m2\repository\org\springframework\spring-jcl\5.1.1.RELEASE\spring-jcl-5.1.1.RELEASE.jar;C:\Users\stas\.m2\repository\org\springframework\spring-expression\5.1.1.RELEASE\spring-expression-5.1.1.RELEASE.jar;C:\Users\stas\.m2\repository\org\springframework\spring-web\5.1.1.RELEASE\spring-web-5.1.1.RELEASE.jar;C:\Users\stas\.m2\repository\org\springframework\spring-orm\5.0.2.RELEASE\spring-orm-5.0.2.RELEASE.jar;C:\Users\stas\.m2\repository\org\springframework\spring-jdbc\5.0.2.RELEASE\spring-jdbc-5.0.2.RELEASE.jar;C:\Users\stas\.m2\repository\org\springframework\spring-tx\5.0.2.RELEASE\spring-tx-5.0.2.RELEASE.jar;C:\Users\stas\.m2\repository\org\springframework\spring-context\5.0.2.RELEASE\spring-context-5.0.2.RELEASE.jar;C:\Users\stas\.m2\repository\org\springframework\security\spring-security-web\5.1.1.RELEASE\spring-security-web-5.1.1.RELEASE.jar;C:\Users\stas\.m2\repository\org\springframework\security\spring-security-core\5.0.5.RELEASE\spring-security-core-5.0.5.RELEASE.jar;C:\Users\stas\.m2\repository\org\springframework\security\spring-security-config\5.0.5.RELEASE\spring-security-config-5.0.5.RELEASE.jar;C:\Users\stas\.m2\repository\org\springframework\security\spring-security-taglibs\5.0.5.RELEASE\spring-security-taglibs-5.0.5.RELEASE.jar;C:\Users\stas\.m2\repository\org\springframework\security\spring-security-acl\5.0.5.RELEASE\spring-security-acl-5.0.5.RELEASE.jar;C:\Users\stas\.m2\repository\org\springframework\spring-jms\5.1.2.RELEASE\spring-jms-5.1.2.RELEASE.jar;C:\Users\stas\.m2\repository\org\springframework\spring-messaging\5.1.2.RELEASE\spring-messaging-5.1.2.RELEASE.jar;C:\Users\stas\.m2\repository\mysql\mysql-connector-java\5.1.18\mysql-connector-java-5.1.18.jar;C:\Users\stas\.m2\repository\javax\servlet\jstl\1.2\jstl-1.2.jar;C:\Users\stas\.m2\repository\javax\javaee-api\8.0\javaee-api-8.0.jar;C:\Users\stas\.m2\repository\com\sun\mail\javax.mail\1.6.0\javax.mail-1.6.0.jar;C:\Users\stas\.m2\repository\javax\activation\activation\1.1\activation-1.1.jar;C:\Users\stas\.m2\repository\javax\validation\validation-api\2.0.1.Final\validation-api-2.0.1.Final.jar;C:\Users\stas\.m2\repository\javax\el\javax.el-api\3.0.0\javax.el-api-3.0.0.jar;C:\Users\stas\.m2\repository\org\projectlombok\lombok\1.18.2\lombok-1.18.2.jar;C:\Users\stas\.m2\repository\com\google\code\gson\gson\2.5\gson-2.5.jar;C:\Users\stas\.m2\repository\log4j\log4j\1.2.17\log4j-1.2.17.jar;C:\Users\stas\.m2\repository\org\springframework\spring-test\5.0.6.RELEASE\spring-test-5.0.6.RELEASE.jar;C:\Users\stas\.m2\repository\org\junit\jupiter\junit-jupiter-engine\5.3.1\junit-jupiter-engine-5.3.1.jar;C:\Users\stas\.m2\repository\org\apiguardian\apiguardian-api\1.0.0\apiguardian-api-1.0.0.jar;C:\Users\stas\.m2\repository\org\junit\platform\junit-platform-engine\1.3.1\junit-platform-engine-1.3.1.jar;C:\Users\stas\.m2\repository\org\junit\platform\junit-platform-commons\1.3.1\junit-platform-commons-1.3.1.jar;C:\Users\stas\.m2\repository\org\opentest4j\opentest4j\1.1.1\opentest4j-1.1.1.jar;C:\Users\stas\.m2\repository\org\junit\jupiter\junit-jupiter-api\5.3.1\junit-jupiter-api-5.3.1.jar;C:\Users\stas\.m2\repository\org\mockito\mockito-junit-jupiter\2.23.0\mockito-junit-jupiter-2.23.0.jar;C:\Users\stas\.m2\repository\org\mockito\mockito-core\2.23.0\mockito-core-2.23.0.jar;C:\Users\stas\.m2\repository\net\bytebuddy\byte-buddy\1.9.0\byte-buddy-1.9.0.jar;C:\Users\stas\.m2\repository\net\bytebuddy\byte-buddy-agent\1.9.0\byte-buddy-agent-1.9.0.jar;C:\Users\stas\.m2\repository\org\objenesis\objenesis\2.6\objenesis-2.6.jar;C:\Users\stas\.m2\repository\junit\junit\4.12\junit-4.12.jar;C:\Users\stas\.m2\repository\org\hamcrest\hamcrest-core\1.3\hamcrest-core-1.3.jar;"/>
    <property name="sun.cpu.endian" value="little"/>
    <property name="user.home" value="C:\Users\stas"/>
    <property name="user.language" value="ru"/>
    <property name="java.specification.vendor" value="Oracle Corporation"/>
    <property name="java.home" value="C:\Program Files\Java\jdk1.8.0_151\jre"/>
    <property name="basedir" value="C:\Public\mobileIS"/>
    <property name="file.separator" value="\"/>
    <property name="line.separator" value="&#10;"/>
    <property name="java.vm.specification.vendor" value="Oracle Corporation"/>
    <property name="java.specification.name" value="Java Platform API Specification"/>
    <property name="java.awt.graphicsenv" value="sun.awt.Win32GraphicsEnvironment"/>
    <property name="surefire.real.class.path" value="C:\Users\stas\AppData\Local\Temp\surefire3755589681882855117\surefirebooter7976865740977606865.jar;C:\\Users\\stas\\.m2\\repository\\org\\jacoco\\org.jacoco.agent\\0.7.6.201602180812\\org.jacoco.agent-0.7.6.201602180812-runtime.jar"/>
    <property name="sun.boot.class.path" value="C:\Program Files\Java\jdk1.8.0_151\jre\lib\resources.jar;C:\Program Files\Java\jdk1.8.0_151\jre\lib\rt.jar;C:\Program Files\Java\jdk1.8.0_151\jre\lib\sunrsasign.jar;C:\Program Files\Java\jdk1.8.0_151\jre\lib\jsse.jar;C:\Program Files\Java\jdk1.8.0_151\jre\lib\jce.jar;C:\Program Files\Java\jdk1.8.0_151\jre\lib\charsets.jar;C:\Program Files\Java\jdk1.8.0_151\jre\lib\jfr.jar;C:\Program Files\Java\jdk1.8.0_151\jre\classes"/>
    <property name="user.script" value=""/>
    <property name="sun.management.compiler" value="HotSpot 64-Bit Tiered Compilers"/>
    <property name="java.runtime.version" value="1.8.0_151-b12"/>
    <property name="user.name" value="stas"/>
    <property name="path.separator" value=";"/>
    <property name="os.version" value="10.0"/>
    <property name="java.endorsed.dirs" value="C:\Program Files\Java\jdk1.8.0_151\jre\lib\endorsed"/>
    <property name="java.runtime.name" value="Java(TM) SE Runtime Environment"/>
    <property name="file.encoding" value="Cp1251"/>
    <property name="java.vm.name" value="Java HotSpot(TM) 64-Bit Server VM"/>
    <property name="localRepository" value="C:\Users\stas\.m2\repository"/>
    <property name="java.vendor.url.bug" value="http://bugreport.sun.com/bugreport/"/>
    <property name="java.io.tmpdir" value="C:\Users\stas\AppData\Local\Temp\"/>
    <property name="idea.version" value="2018.1"/>
    <property name="java.version" value="1.8.0_151"/>
    <property name="user.dir" value="C:\Public\mobileIS"/>
    <property name="os.arch" value="amd64"/>
    <property name="java.vm.specification.name" value="Java Virtual Machine Specification"/>
    <property name="java.awt.printerjob" value="sun.awt.windows.WPrinterJob"/>
    <property name="sun.os.patch.level" value=""/>
    <property name="java.library.path" value="C:\Program Files\Java\jdk1.8.0_151\jre\bin;C:\WINDOWS\Sun\Java\bin;C:\WINDOWS\system32;C:\WINDOWS;C:\ProgramData\Oracle\Java\javapath;C:\Python27\;C:\Python27\Scripts;C:\WINDOWS\system32;C:\WINDOWS;C:\WINDOWS\System32\Wbem;C:\WINDOWS\System32\WindowsPowerShell\v1.0\;C:\Windows\SysWOW64;C:\Program Files\Intel\WiFi\bin\;C:\Program Files\Common Files\Intel\WirelessCommon\;C:\Program Files\Git\cmd;C:\Program Files (x86)\Git\cmd;C:\Program Files (x86)\GitExtensions\;c:\Program Files\glassfish5\glassfish\bin;;C:\WINDOWS\System32\OpenSSH\;C:\Program Files\MySQL\MySQL Server 5.5\bin;c:\Program Files\apache-maven-3.5.4-bin\apache-maven-3.5.4\bin;c:\Program Files\glassfish5\glassfish\bin\;C:\Users\stas\AppData\Local\Microsoft\WindowsApps;c:\Program Files\Java\jdk-9\bin\;c:\Program Files\JetBrains\IntelliJ IDEA 2018.1\plugins\maven\lib\maven3\bin\mvn.cmd;c:\Program Files\JetBrains\IntelliJ IDEA 2018.1\plugins\maven\lib\maven3\bin;;."/>
    <property name="java.vm.info" value="mixed mode"/>
    <property name="java.vendor" value="Oracle Corporation"/>
    <property name="java.vm.version" value="25.151-b12"/>
    <property name="java.ext.dirs" value="C:\Program Files\Java\jdk1.8.0_151\jre\lib\ext;C:\WINDOWS\Sun\Java\lib\ext"/>
    <property name="sun.io.unicode.encoding" value="UnicodeLittle"/>
    <property name="java.class.version" value="52.0"/>
  </properties>
  <testcase name="findByPassport" classname="services.implementations.ClientServiceTest" time="0.052"/>
  <testcase name="getPaginateData" classname="services.implementations.ClientServiceTest" time="0.007"/>
  <testcase name="updateTest" classname="services.implementations.ClientServiceTest" time="0.003"/>
  <testcase name="createTest" classname="services.implementations.ClientServiceTest" time="0.005"/>
</testsuite>